<?xml version="1.0" encoding="UTF-8"?>
<!-- Generated by org.testng.reporters.JUnitReportReporter -->
<testsuite hostname="Lenovo" failures="0" tests="1" name="org.openmrs.demo.OpenMrsTestNgTestCases" time="139.095" errors="0" timestamp="2024-06-11T09:38:31 IST" skipped="0">
  <testcase classname="org.openmrs.demo.OpenMrsTestNgTestCases" name="registerPatientTest" time="139.095"/>
  <system-out>
    <![CDATA[<img src="C:\Users\RAJU CHELLE\git\repository4\SeleniumJavaMavenProject//src/main//resources//screenshots//20243711093733.jpg" />
<img src="C:\Users\RAJU CHELLE\git\repository4\SeleniumJavaMavenProject//src/main//resources//screenshots//20243811093812.jpg" />]]>
  </system-out>
</testsuite> <!-- org.openmrs.demo.OpenMrsTestNgTestCases -->
