<?xml version="1.0" encoding="UTF-8"?>
<!-- Generated by org.testng.reporters.JUnitReportReporter -->
<testsuite hostname="Lenovo" failures="0" tests="3" name="org.openmrs.demo.OpenMrsKeywordAndDataDrivenTestCases" time="104.995" errors="0" timestamp="2024-06-12T09:47:16 IST" skipped="0">
  <testcase classname="org.openmrs.demo.OpenMrsKeywordAndDataDrivenTestCases" name="registerPatientTest" time="39.291"/>
  <system-out>
    <![CDATA[<img src="C:\Users\RAJU CHELLE\git\repository4\SeleniumJavaMavenProject//src/main//resources//screenshots//20244512094543.jpg" />
<img src="C:\Users\RAJU CHELLE\git\repository4\SeleniumJavaMavenProject//src/main//resources//screenshots//20244512094552.jpg" />]]>
  </system-out>
  <testcase classname="org.openmrs.demo.OpenMrsKeywordAndDataDrivenTestCases" name="registerPatientTest" time="33.451"/>
  <system-out>
    <![CDATA[<img src="C:\Users\RAJU CHELLE\git\repository4\SeleniumJavaMavenProject//src/main//resources//screenshots//20244612094619.jpg" />
<img src="C:\Users\RAJU CHELLE\git\repository4\SeleniumJavaMavenProject//src/main//resources//screenshots//20244612094624.jpg" />]]>
  </system-out>
  <testcase classname="org.openmrs.demo.OpenMrsKeywordAndDataDrivenTestCases" name="registerPatientTest" time="32.253"/>
  <system-out>
    <![CDATA[<img src="C:\Users\RAJU CHELLE\git\repository4\SeleniumJavaMavenProject//src/main//resources//screenshots//20244612094652.jpg" />
<img src="C:\Users\RAJU CHELLE\git\repository4\SeleniumJavaMavenProject//src/main//resources//screenshots//20244612094656.jpg" />]]>
  </system-out>
</testsuite> <!-- org.openmrs.demo.OpenMrsKeywordAndDataDrivenTestCases -->
