<?xml version="1.0" encoding="UTF-8"?>
<!-- Generated by org.testng.reporters.JUnitReportReporter -->
<testsuite hostname="Lenovo" failures="0" tests="4" name="org.openmrs.demo.TestNGTests" time="0.101" errors="0" timestamp="2024-06-08T09:24:01 IST" skipped="0">
  <testcase classname="org.openmrs.demo.TestNGTests" name="registerPatient" time="0.011"/>
  <system-out/>
  <testcase classname="org.openmrs.demo.TestNGTests" name="deletePatient" time="0.029"/>
  <system-out/>
  <testcase classname="org.openmrs.demo.TestNGTests" name="activeVistsAndAddAttachments" time="0.041"/>
  <system-out/>
  <testcase classname="org.openmrs.demo.TestNGTests" name="findPatient" time="0.020"/>
  <system-out/>
</testsuite> <!-- org.openmrs.demo.TestNGTests -->
