<?xml version="1.0" encoding="UTF-8"?>
<!-- Generated by org.testng.reporters.JUnitReportReporter -->
<testsuite hostname="Lenovo" failures="0" tests="4" name="org.openmrs.demo.OpenMrsTestNgTestCases" time="341.423" errors="0" timestamp="2024-06-08T10:00:42 IST" skipped="0">
  <testcase classname="org.openmrs.demo.OpenMrsTestNgTestCases" name="activeVisitsAndAddAttachementsTest" time="111.597"/>
  <system-out>
    <![CDATA[<img src="C:\Users\RAJU CHELLE\git\repository4\SeleniumJavaMavenProject//src/main//resources//screenshots//20245808095807.jpg" />
<img src="C:\Users\RAJU CHELLE\git\repository4\SeleniumJavaMavenProject//src/main//resources//screenshots//20245808095818.jpg" />
<img src="C:\Users\RAJU CHELLE\git\repository4\SeleniumJavaMavenProject//src/main//resources//screenshots//20245908095911.jpg" />]]>
  </system-out>
  <testcase classname="org.openmrs.demo.OpenMrsTestNgTestCases" name="findPatientTest" time="85.521"/>
  <system-out>
    <![CDATA[<img src="C:\Users\RAJU CHELLE\git\repository4\SeleniumJavaMavenProject//src/main//resources//screenshots//20245708095727.jpg" />
<img src="C:\Users\RAJU CHELLE\git\repository4\SeleniumJavaMavenProject//src/main//resources//screenshots//20245708095735.jpg" />]]>
  </system-out>
  <testcase classname="org.openmrs.demo.OpenMrsTestNgTestCases" name="registerPatientTest" time="85.587"/>
  <system-out>
    <![CDATA[<img src="C:\Users\RAJU CHELLE\git\repository4\SeleniumJavaMavenProject//src/main//resources//screenshots//20245608095610.jpg" />
<img src="C:\Users\RAJU CHELLE\git\repository4\SeleniumJavaMavenProject//src/main//resources//screenshots//20245608095630.jpg" />]]>
  </system-out>
  <testcase classname="org.openmrs.demo.OpenMrsTestNgTestCases" name="deletePatientTest" time="58.718"/>
  <system-out>
    <![CDATA[<img src="C:\Users\RAJU CHELLE\git\repository4\SeleniumJavaMavenProject//src/main//resources//screenshots//20240008100001.jpg" />
<img src="C:\Users\RAJU CHELLE\git\repository4\SeleniumJavaMavenProject//src/main//resources//screenshots//20240008100007.jpg" />
<img src="C:\Users\RAJU CHELLE\git\repository4\SeleniumJavaMavenProject//src/main//resources//screenshots//20240008100023.jpg" />]]>
  </system-out>
</testsuite> <!-- org.openmrs.demo.OpenMrsTestNgTestCases -->
