<?xml version="1.0" encoding="UTF-8"?>
<!-- Generated by org.testng.reporters.JUnitReportReporter -->
<testsuite hostname="Lenovo" failures="0" tests="3" name="org.openmrs.demo.TestNGTests" time="0.070" errors="0" timestamp="2024-06-11T08:49:00 IST" skipped="0">
  <testcase classname="org.openmrs.demo.TestNGTests" name="testDataProvider1" time="0.029"/>
  <system-out/>
  <testcase classname="org.openmrs.demo.TestNGTests" name="testDataProvider1" time="0.026"/>
  <system-out/>
  <testcase classname="org.openmrs.demo.TestNGTests" name="testDataProvider1" time="0.015"/>
  <system-out/>
</testsuite> <!-- org.openmrs.demo.TestNGTests -->
